0 verbose cli /home/yanaagi/.nvm/versions/node/v18.20.3/bin/node /home/yanaagi/.nvm/versions/node/v18.20.3/bin/npm
1 info using npm@10.7.0
2 info using node@v18.20.3
3 silly config:load:file:/home/yanaagi/.nvm/versions/node/v18.20.3/lib/node_modules/npm/npmrc
4 silly config:load:file:/home/yanaagi/zardkat/.npmrc
5 silly config:load:file:/home/yanaagi/.npmrc
6 silly config:load:file:/home/yanaagi/zardkat/C:Usersadminnode_modules/etc/npmrc
7 verbose title npm i
8 verbose argv "i"
9 verbose logfile logs-max:10 dir:/home/yanaagi/zardkat/C:UsersadminAppDataLocalnpm-cache/_logs/2024-06-14T03_16_57_202Z-
10 verbose logfile /home/yanaagi/zardkat/C:UsersadminAppDataLocalnpm-cache/_logs/2024-06-14T03_16_57_202Z-debug-0.log
11 silly logfile start cleaning logs, removing 1 files
12 silly logfile done cleaning log files
13 silly idealTree buildDeps
14 silly reify moves {}
15 silly audit bulk request {
15 silly audit   '@cspotcode/source-map-support': [ '0.8.1' ],
15 silly audit   '@ethereumjs/common': [ '2.6.5', '2.5.0' ],
15 silly audit   'ethereum-cryptography': [ '0.1.3', '1.2.0' ],
15 silly audit   'ethereumjs-util': [ '7.1.5', '6.2.1' ],
15 silly audit   '@ethereumjs/tx': [ '3.5.2', '3.3.2' ],
15 silly audit   '@ethersproject/abi': [ '5.7.0' ],
15 silly audit   '@ethersproject/abstract-provider': [ '5.7.0' ],
15 silly audit   '@ethersproject/abstract-signer': [ '5.7.0' ],
15 silly audit   '@ethersproject/address': [ '5.7.0' ],
15 silly audit   '@ethersproject/base64': [ '5.7.0' ],
15 silly audit   '@ethersproject/basex': [ '5.7.0' ],
15 silly audit   '@ethersproject/bignumber': [ '5.7.0' ],
15 silly audit   '@ethersproject/bytes': [ '5.7.0' ],
15 silly audit   '@ethersproject/constants': [ '5.7.0' ],
15 silly audit   '@ethersproject/contracts': [ '5.7.0' ],
15 silly audit   '@ethersproject/hash': [ '5.7.0' ],
15 silly audit   '@ethersproject/hdnode': [ '5.7.0' ],
15 silly audit   '@ethersproject/json-wallets': [ '5.7.0' ],
15 silly audit   '@ethersproject/keccak256': [ '5.7.0' ],
15 silly audit   '@ethersproject/logger': [ '5.7.0' ],
15 silly audit   '@ethersproject/networks': [ '5.7.1' ],
15 silly audit   '@ethersproject/pbkdf2': [ '5.7.0' ],
15 silly audit   '@ethersproject/properties': [ '5.7.0' ],
15 silly audit   '@ethersproject/providers': [ '5.7.2' ],
15 silly audit   ws: [ '7.4.6', '3.3.3', '7.5.9' ],
15 silly audit   '@ethersproject/random': [ '5.7.0' ],
15 silly audit   '@ethersproject/rlp': [ '5.7.0' ],
15 silly audit   '@ethersproject/sha2': [ '5.7.0' ],
15 silly audit   '@ethersproject/signing-key': [ '5.7.0' ],
15 silly audit   '@ethersproject/solidity': [ '5.7.0' ],
15 silly audit   '@ethersproject/strings': [ '5.7.0' ],
15 silly audit   '@ethersproject/transactions': [ '5.7.0' ],
15 silly audit   '@ethersproject/units': [ '5.7.0' ],
15 silly audit   '@ethersproject/wallet': [ '5.7.0' ],
15 silly audit   '@ethersproject/web': [ '5.7.1' ],
15 silly audit   '@ethersproject/wordlists': [ '5.7.0' ],
15 silly audit   '@iden3/bigarray': [ '0.0.2' ],
15 silly audit   '@iden3/binfileutils': [ '0.0.11' ],
15 silly audit   fastfile: [ '0.0.20', '0.0.18' ],
15 silly audit   '@jridgewell/resolve-uri': [ '3.1.0' ],
15 silly audit   '@jridgewell/sourcemap-codec': [ '1.4.14' ],
15 silly audit   '@jridgewell/trace-mapping': [ '0.3.9' ],
15 silly audit   '@metamask/eth-sig-util': [ '4.0.1' ],
15 silly audit   '@morgan-stanley/ts-mocking-bird': [ '0.6.4' ],
15 silly audit   uuid: [ '7.0.3', '2.0.1', '9.0.0', '3.4.0', '8.3.2', '3.3.2' ],
15 silly audit   '@noble/hashes': [ '1.2.0' ],
15 silly audit   '@noble/secp256k1': [ '1.7.1' ],
15 silly audit   '@nodelib/fs.scandir': [ '2.1.5' ],
15 silly audit   '@nodelib/fs.stat': [ '2.0.5' ],
15 silly audit   '@nodelib/fs.walk': [ '1.2.8' ],
15 silly audit   '@nomicfoundation/ethereumjs-block': [ '4.0.0' ],
15 silly audit   '@nomicfoundation/ethereumjs-blockchain': [ '6.0.0' ],
15 silly audit   '@nomicfoundation/ethereumjs-common': [ '3.0.0' ],
15 silly audit   '@nomicfoundation/ethereumjs-ethash': [ '2.0.0' ],
15 silly audit   '@nomicfoundation/ethereumjs-evm': [ '1.0.0' ],
15 silly audit   '@nomicfoundation/ethereumjs-rlp': [ '4.0.0' ],
15 silly audit   '@nomicfoundation/ethereumjs-statemanager': [ '1.0.0' ],
15 silly audit   '@nomicfoundation/ethereumjs-trie': [ '5.0.0' ],
15 silly audit   '@nomicfoundation/ethereumjs-tx': [ '4.0.0' ],
15 silly audit   '@nomicfoundation/ethereumjs-util': [ '8.0.0' ],
15 silly audit   '@nomicfoundation/ethereumjs-vm': [ '6.0.0' ],
15 silly audit   '@nomicfoundation/hardhat-chai-matchers': [ '1.0.6' ],
15 silly audit   '@nomicfoundation/hardhat-network-helpers': [ '1.0.8' ],
15 silly audit   '@nomicfoundation/hardhat-toolbox': [ '1.0.2' ],
15 silly audit   '@nomicfoundation/solidity-analyzer': [ '0.1.0' ],
15 silly audit   '@nomicfoundation/solidity-analyzer-darwin-arm64': [ '0.1.0' ],
15 silly audit   '@nomicfoundation/solidity-analyzer-darwin-x64': [ '0.1.0' ],
15 silly audit   '@nomicfoundation/solidity-analyzer-freebsd-x64': [ '0.1.0' ],
15 silly audit   '@nomicfoundation/solidity-analyzer-linux-arm64-gnu': [ '0.1.0' ],
15 silly audit   '@nomicfoundation/solidity-analyzer-linux-arm64-musl': [ '0.1.0' ],
15 silly audit   '@nomicfoundation/solidity-analyzer-linux-x64-gnu': [ '0.1.0' ],
15 silly audit   '@nomicfoundation/solidity-analyzer-linux-x64-musl': [ '0.1.0' ],
15 silly audit   '@nomicfoundation/solidity-analyzer-win32-arm64-msvc': [ '0.1.0' ],
15 silly audit   '@nomicfoundation/solidity-analyzer-win32-ia32-msvc': [ '0.1.0' ],
15 silly audit   '@nomicfoundation/solidity-analyzer-win32-x64-msvc': [ '0.1.0' ],
15 silly audit   '@nomiclabs/hardhat-ethers': [ '2.2.2' ],
15 silly audit   '@nomiclabs/hardhat-etherscan': [ '3.1.6' ],
15 silly audit   '@phated/unionfs': [ '4.5.0' ],
15 silly audit   '@scure/base': [ '1.1.1' ],
15 silly audit   '@scure/bip32': [ '1.1.5' ],
15 silly audit   '@scure/bip39': [ '1.1.1' ],
15 silly audit   '@sentry/core': [ '5.30.0' ],
15 silly audit   '@sentry/hub': [ '5.30.0' ],
15 silly audit   '@sentry/minimal': [ '5.30.0' ],
15 silly audit   '@sentry/node': [ '5.30.0' ],
15 silly audit   '@sentry/tracing': [ '5.30.0' ],
15 silly audit   '@sentry/types': [ '5.30.0' ],
15 silly audit   '@sentry/utils': [ '5.30.0' ],
15 silly audit   '@sindresorhus/is': [ '0.14.0', '4.6.0' ],
15 silly audit   '@solidity-parser/parser': [ '0.14.5' ],
15 silly audit   '@szmarczak/http-timer': [ '1.1.2', '5.0.1', '4.0.6' ],
15 silly audit   '@truffle/error': [ '0.1.1' ],
15 silly audit   '@truffle/interface-adapter': [ '0.5.29' ],
15 silly audit   '@types/node': [ '12.20.55', '18.14.0', '10.17.60', '8.10.66' ],
15 silly audit   'cacheable-request': [ '7.0.2', '6.1.0' ],
15 silly audit   'get-stream': [ '5.2.0', '6.0.1', '4.1.0' ],
15 silly audit   'lowercase-keys': [ '2.0.0', '3.0.0', '1.0.1' ],
15 silly audit   'decompress-response': [ '6.0.0', '3.3.0' ],
15 silly audit   'defer-to-connect': [ '2.0.1', '1.1.3' ],
15 silly audit   'eth-lib': [ '0.2.8', '0.1.29' ],
15 silly audit   'bn.js': [ '4.12.0', '5.2.1', '4.11.6' ],
15 silly audit   'hash.js': [ '1.1.7', '1.1.3' ],
15 silly audit   'scrypt-js': [ '3.0.1', '2.0.4' ],
15 silly audit   setimmediate: [ '1.0.5', '1.0.4' ],
15 silly audit   ethers: [ '4.0.49', '5.7.2' ],
15 silly audit   got: [ '12.1.0', '9.6.0', '11.8.6' ],
15 silly audit   'js-sha3': [ '0.5.7', '0.8.0' ],
15 silly audit   'json-buffer': [ '3.0.1', '3.0.0' ],
15 silly audit   keyv: [ '4.5.2', '3.1.0' ],
15 silly audit   'mimic-response': [ '3.1.0', '1.0.1' ],
15 silly audit   'normalize-url': [ '6.1.0', '4.5.1' ],
15 silly audit   'p-cancelable': [ '3.0.0', '1.1.0', '2.1.1' ],
15 silly audit   responselike: [ '2.0.1', '1.0.2' ],
15 silly audit   web3: [ '1.8.2', '1.7.4' ],
15 silly audit   'web3-bzz': [ '1.8.2', '1.7.4' ],
15 silly audit   'web3-core': [ '1.8.2', '1.7.4' ],
15 silly audit   'web3-core-helpers': [ '1.8.2', '1.7.4' ],
15 silly audit   'web3-core-method': [ '1.8.2', '1.7.4' ],
15 silly audit   'web3-core-promievent': [ '1.8.2', '1.7.4' ],
15 silly audit   'web3-core-requestmanager': [ '1.8.2', '1.7.4' ],
15 silly audit   'web3-core-subscriptions': [ '1.8.2', '1.7.4' ],
15 silly audit   'web3-eth': [ '1.8.2', '1.7.4' ],
15 silly audit   'web3-eth-abi': [ '1.8.2', '1.7.4' ],
15 silly audit   'web3-eth-accounts': [ '1.8.2', '1.7.4' ],
15 silly audit   'web3-eth-contract': [ '1.8.2', '1.7.4' ],
15 silly audit   'web3-eth-ens': [ '1.8.2', '1.7.4' ],
15 silly audit   'web3-eth-iban': [ '1.8.2', '1.7.4' ],
15 silly audit   'web3-eth-personal': [ '1.8.2', '1.7.4' ],
15 silly audit   'web3-net': [ '1.8.2', '1.7.4' ],
15 silly audit   'web3-providers-http': [ '1.8.2', '1.7.4' ],
15 silly audit   'web3-providers-ipc': [ '1.8.2', '1.7.4' ],
15 silly audit   'web3-providers-ws': [ '1.8.2', '1.7.4' ],
15 silly audit   'web3-shh': [ '1.8.2', '1.7.4' ],
15 silly audit   '@truffle/provider': [ '0.2.64' ],
15 silly audit   '@tsconfig/node10': [ '1.0.9' ],
15 silly audit   '@tsconfig/node12': [ '1.0.11' ],
15 silly audit   '@tsconfig/node14': [ '1.0.3' ],
15 silly audit   '@tsconfig/node16': [ '1.0.3' ],
15 silly audit   '@typechain/ethers-v5': [ '10.2.0' ],
15 silly audit   '@typechain/hardhat': [ '6.1.5' ],
15 silly audit   'fs-extra': [ '9.1.0', '7.0.1', '0.30.0', '8.1.0', '4.0.3' ],
15 silly audit   jsonfile: [ '6.1.0', '4.0.0', '2.4.0' ],
15 silly audit   universalify: [ '2.0.0', '0.1.2' ],
15 silly audit   '@types/async-eventemitter': [ '0.2.1' ],
15 silly audit   '@types/bn.js': [ '5.1.1', '4.11.6' ],
15 silly audit   '@types/cacheable-request': [ '6.0.3' ],
15 silly audit   '@types/chai': [ '4.3.4' ],
15 silly audit   '@types/chai-as-promised': [ '7.1.5' ],
15 silly audit   '@types/concat-stream': [ '1.6.1' ],
15 silly audit   '@types/form-data': [ '0.0.33' ],
15 silly audit   '@types/glob': [ '7.2.0' ],
15 silly audit   '@types/http-cache-semantics': [ '4.0.1' ],
15 silly audit   '@types/keyv': [ '3.1.4' ],
15 silly audit   '@types/lru-cache': [ '5.1.1' ],
15 silly audit   '@types/minimatch': [ '5.1.2' ],
15 silly audit   '@types/mocha': [ '9.1.1' ],
15 silly audit   '@types/pbkdf2': [ '3.1.0' ],
15 silly audit   '@types/prettier': [ '2.7.2' ],
15 silly audit   '@types/qs': [ '6.9.7' ],
15 silly audit   '@types/responselike': [ '1.0.0' ],
15 silly audit   '@types/secp256k1': [ '4.0.3' ],
15 silly audit   '@ungap/promise-all-settled': [ '1.1.2' ],
15 silly audit   '@wasmer/wasi': [ '0.12.0' ],
15 silly audit   abbrev: [ '1.0.9' ],
15 silly audit   'abort-controller': [ '3.0.0' ],
15 silly audit   'abortcontroller-polyfill': [ '1.7.5' ],
15 silly audit   'abstract-level': [ '1.0.3' ],
15 silly audit   accepts: [ '1.3.8' ],
15 silly audit   acorn: [ '8.8.2' ],
15 silly audit   'acorn-walk': [ '8.2.0' ],
15 silly audit   address: [ '1.2.2' ],
15 silly audit   'adm-zip': [ '0.4.16' ],
15 silly audit   'aes-js': [ '3.0.0' ],
15 silly audit   'agent-base': [ '6.0.2' ],
15 silly audit   'aggregate-error': [ '3.1.0' ],
15 silly audit   ajv: [ '6.12.6', '8.12.0' ],
15 silly audit   amdefine: [ '1.0.1' ],
15 silly audit   'ansi-colors': [ '4.1.3', '4.1.1', '3.2.3' ],
15 silly audit   'ansi-escapes': [ '4.3.2' ],
15 silly audit   'ansi-regex': [ '5.0.1', '3.0.1', '4.1.1' ],
15 silly audit   'ansi-styles': [ '3.2.1', '4.3.0' ],
15 silly audit   antlr4ts: [ '0.5.0-alpha.4' ],
15 silly audit   anymatch: [ '3.1.3' ],
15 silly audit   arg: [ '4.1.3' ],
15 silly audit   argparse: [ '2.0.1', '1.0.10' ],
15 silly audit   'array-back': [ '3.1.0', '4.0.2' ],
15 silly audit   'array-flatten': [ '1.1.1' ],
15 silly audit   'array-union': [ '2.1.0' ],
15 silly audit   'array-uniq': [ '1.0.3' ],
15 silly audit   'array.prototype.reduce': [ '1.0.5' ],
15 silly audit   asap: [ '2.0.6' ],
15 silly audit   asn1: [ '0.2.6' ],
15 silly audit   'asn1.js': [ '5.4.1' ],
15 silly audit   'assert-plus': [ '1.0.0' ],
15 silly audit   'assertion-error': [ '1.1.0' ],
15 silly audit   'astral-regex': [ '2.0.0' ],
15 silly audit   async: [ '2.6.4', '3.2.4', '1.5.2' ],
15 silly audit   'async-eventemitter': [ '0.2.4' ],
15 silly audit   'async-limiter': [ '1.0.1' ],
15 silly audit   asynckit: [ '0.4.0' ],
15 silly audit   'at-least-node': [ '1.0.0' ],
15 silly audit   'available-typed-arrays': [ '1.0.5' ],
15 silly audit   'aws-sign2': [ '0.7.0' ],
15 silly audit   aws4: [ '1.12.0' ],
15 silly audit   b4a: [ '1.6.1' ],
15 silly audit   'balanced-match': [ '1.0.2' ],
15 silly audit   'base-x': [ '3.0.9' ],
15 silly audit   'base64-js': [ '1.5.1' ],
15 silly audit   'bcrypt-pbkdf': [ '1.0.2' ],
15 silly audit   tweetnacl: [ '0.14.5', '1.0.3' ],
15 silly audit   bech32: [ '1.1.4' ],
15 silly audit   bfj: [ '7.0.2' ],
15 silly audit   'big-integer': [ '1.6.51' ],
15 silly audit   'bigint-crypto-utils': [ '3.1.8' ],
15 silly audit   'bigint-mod-arith': [ '3.1.2' ],
15 silly audit   'bignumber.js': [ '9.1.1' ],
15 silly audit   'binary-extensions': [ '2.2.0' ],
15 silly audit   bl: [ '6.0.0' ],
15 silly audit   'readable-stream': [ '4.3.0', '2.3.7', '3.6.0' ],
15 silly audit   'blake2b-wasm': [ '2.4.0' ],
15 silly audit   blakejs: [ '1.2.1' ],
15 silly audit   bluebird: [ '3.7.2' ],
15 silly audit   'body-parser': [ '1.20.2', '1.20.1' ],
15 silly audit   debug: [ '2.6.9', '4.3.1', '4.3.4', '3.2.6' ],
15 silly audit   ms: [ '2.0.0', '2.1.3', '2.1.1', '2.1.2' ],
15 silly audit   'brace-expansion': [ '1.1.11', '2.0.1' ],
15 silly audit   braces: [ '3.0.2' ],
15 silly audit   brorand: [ '1.1.0' ],
15 silly audit   'browser-level': [ '1.0.1' ],
15 silly audit   'browser-process-hrtime': [ '1.0.0' ],
15 silly audit   'browser-stdout': [ '1.3.1' ],
15 silly audit   'browserify-aes': [ '1.2.0' ],
15 silly audit   'browserify-cipher': [ '1.0.1' ],
15 silly audit   'browserify-des': [ '1.0.2' ],
15 silly audit   'browserify-rsa': [ '4.1.0' ],
15 silly audit   'browserify-sign': [ '4.2.1' ],
15 silly audit   bs58: [ '4.0.1' ],
15 silly audit   bs58check: [ '2.1.2' ],
15 silly audit   buffer: [ '6.0.3', '5.7.1' ],
15 silly audit   'buffer-es6': [ '4.9.3' ],
15 silly audit   'buffer-from': [ '1.1.2' ],
15 silly audit   'buffer-to-arraybuffer': [ '0.0.5' ],
15 silly audit   'buffer-xor': [ '1.0.3' ],
15 silly audit   bufferutil: [ '4.0.7' ],
15 silly audit   busboy: [ '1.6.0' ],
15 silly audit   bytes: [ '3.1.2' ],
15 silly audit   'cacheable-lookup': [ '6.1.0', '5.0.4' ],
15 silly audit   'call-bind': [ '1.0.2' ],
15 silly audit   camelcase: [ '6.3.0', '5.3.1' ],
15 silly audit   caseless: [ '0.12.0' ],
15 silly audit   catering: [ '2.1.1' ],
15 silly audit   cbor: [ '8.1.0' ],
15 silly audit   chai: [ '4.3.7' ],
15 silly audit   'chai-as-promised': [ '7.1.1' ],
15 silly audit   chalk: [ '2.4.2', '4.1.2' ],
15 silly audit   charenc: [ '0.0.2' ],
15 silly audit   'check-error': [ '1.0.2' ],
15 silly audit   'check-types': [ '11.2.2' ],
15 silly audit   chokidar: [ '3.5.3', '3.5.1', '3.3.0' ],
15 silly audit   chownr: [ '1.1.4' ],
15 silly audit   'ci-info': [ '2.0.0' ],
15 silly audit   cids: [ '0.7.5' ],
15 silly audit   multicodec: [ '1.0.4', '0.5.7' ],
15 silly audit   'cipher-base': [ '1.0.4' ],
15 silly audit   circom: [ '0.5.46' ],
15 silly audit   circom_runtime: [ '0.1.21', '0.1.12', '0.1.22' ],
15 silly audit   ffjavascript: [ '0.2.56', '0.2.34', '0.2.22', '0.2.57' ],
15 silly audit   wasmbuilder: [ '0.0.16', '0.0.10' ],
15 silly audit   'supports-color': [ '7.2.0', '8.1.1', '6.0.0', '3.2.3', '5.5.0' ],
15 silly audit   wasmcurves: [ '0.0.14', '0.0.12', '0.2.0' ],
15 silly audit   'color-convert': [ '2.0.1', '1.9.3' ],
15 silly audit   'color-name': [ '1.1.4', '1.1.3' ],
15 silly audit   'escape-string-regexp': [ '4.0.0', '1.0.5' ],
15 silly audit   'find-up': [ '5.0.0', '3.0.0', '4.1.0', '2.1.0' ],
15 silly audit   glob: [ '7.1.6', '7.1.3', '7.2.0', '5.0.15', '7.1.7' ],
15 silly audit   'has-flag': [ '4.0.0', '3.0.0', '1.0.0' ],
15 silly audit   'js-yaml': [ '4.0.0', '3.13.1', '4.1.0', '3.14.1' ],
15 silly audit   'locate-path': [ '6.0.0', '3.0.0', '5.0.0', '2.0.0' ],
15 silly audit   'log-symbols': [ '4.0.0', '3.0.0', '4.1.0' ],
15 silly audit   minimatch: [ '3.0.4', '5.1.6', '3.1.2', '5.0.1' ],
15 silly audit   mocha: [ '8.4.0', '7.2.0', '10.2.0' ],
15 silly audit   nanoid: [ '3.1.20', '3.3.3' ],
15 silly audit   'p-limit': [ '3.1.0', '2.3.0', '1.3.0' ],
15 silly audit   'p-locate': [ '5.0.0', '3.0.0', '4.1.0', '2.0.0' ],
15 silly audit   'path-exists': [ '4.0.0', '3.0.0' ],
15 silly audit   r1csfile: [ '0.0.16', '0.0.41', '0.0.45' ],
15 silly audit   readdirp: [ '3.5.0', '3.2.0', '3.6.0' ],
15 silly audit   'serialize-javascript': [ '5.0.1', '6.0.0' ],
15 silly audit   which: [ '2.0.2', '1.3.1' ],
15 silly audit   workerpool: [ '6.1.0', '6.2.1' ],
15 silly audit   circom2: [ '0.2.12' ],
15 silly audit   'class-is': [ '1.1.0' ],
15 silly audit   'classic-level': [ '1.2.0' ],
15 silly audit   'clean-stack': [ '2.2.0' ],
15 silly audit   'cli-table3': [ '0.5.1' ],
15 silly audit   'is-fullwidth-code-point': [ '2.0.0', '3.0.0' ],
15 silly audit   'string-width': [ '2.1.1', '3.1.0', '4.2.3' ],
15 silly audit   'strip-ansi': [ '4.0.0', '5.2.0', '6.0.1' ],
15 silly audit   cliui: [ '7.0.4', '5.0.0', '6.0.0' ],
15 silly audit   'clone-response': [ '1.0.3' ],
15 silly audit   colors: [ '1.4.0' ],
15 silly audit   'combined-stream': [ '1.0.8' ],
15 silly audit   'command-exists': [ '1.2.9' ],
15 silly audit   'command-line-args': [ '5.2.1' ],
15 silly audit   'command-line-usage': [ '6.1.3' ],
15 silly audit   typical: [ '5.2.0', '4.0.0' ],
15 silly audit   commander: [ '3.0.2' ],
15 silly audit   'concat-map': [ '0.0.1' ],
15 silly audit   'concat-stream': [ '1.6.2' ],
15 silly audit   'safe-buffer': [ '5.1.2', '5.2.1' ],
15 silly audit   string_decoder: [ '1.1.1', '1.3.0' ],
15 silly audit   'content-disposition': [ '0.5.4' ],
15 silly audit   'content-hash': [ '2.5.2' ],
15 silly audit   'content-type': [ '1.0.5' ],
15 silly audit   cookie: [ '0.4.2', '0.5.0' ],
15 silly audit   'cookie-signature': [ '1.0.6' ],
15 silly audit   cookiejar: [ '2.1.4' ],
15 silly audit   'core-util-is': [ '1.0.2' ],
15 silly audit   cors: [ '2.8.5' ],
15 silly audit   'crc-32': [ '1.2.2' ],
15 silly audit   'create-ecdh': [ '4.0.4' ],
15 silly audit   'create-hash': [ '1.2.0' ],
15 silly audit   'create-hmac': [ '1.1.7' ],
15 silly audit   'create-require': [ '1.1.1' ],
15 silly audit   'cross-fetch': [ '3.1.5' ],
15 silly audit   crypt: [ '0.0.2' ],
15 silly audit   'crypto-browserify': [ '3.12.0' ],
15 silly audit   d: [ '1.0.1' ],
15 silly audit   dashdash: [ '1.14.1' ],
15 silly audit   death: [ '1.1.0' ],
15 silly audit   decamelize: [ '4.0.0', '1.2.0' ],
15 silly audit   'decode-uri-component': [ '0.2.2' ],
15 silly audit   'deep-eql': [ '4.1.3' ],
15 silly audit   'deep-extend': [ '0.6.0' ],
15 silly audit   'deep-is': [ '0.1.4' ],
15 silly audit   'define-properties': [ '1.2.0' ],
15 silly audit   'delayed-stream': [ '1.0.0' ],
15 silly audit   depd: [ '2.0.0' ],
15 silly audit   'des.js': [ '1.0.1' ],
15 silly audit   destroy: [ '1.2.0' ],
15 silly audit   'detect-port': [ '1.5.1' ],
15 silly audit   diff: [ '5.0.0', '3.5.0', '4.0.2' ],
15 silly audit   'diffie-hellman': [ '5.0.3' ],
15 silly audit   'dir-glob': [ '3.0.1' ],
15 silly audit   'dom-walk': [ '0.1.2' ],
15 silly audit   dotenv: [ '16.4.5' ],
15 silly audit   duplexer3: [ '0.1.5' ],
15 silly audit   'ecc-jsbn': [ '0.1.2' ],
15 silly audit   'ee-first': [ '1.1.1' ],
15 silly audit   ejs: [ '3.1.8' ],
15 silly audit   elliptic: [ '6.5.4' ],
15 silly audit   'emoji-regex': [ '8.0.0', '7.0.3' ],
15 silly audit   encodeurl: [ '1.0.2' ],
15 silly audit   'end-of-stream': [ '1.4.4' ],
15 silly audit   enquirer: [ '2.3.6' ],
15 silly audit   'env-paths': [ '2.2.1' ],
15 silly audit   'es-abstract': [ '1.21.1' ],
15 silly audit   'object.assign': [ '4.1.4', '4.1.0' ],
15 silly audit   'es-array-method-boxes-properly': [ '1.0.0' ],
15 silly audit   'es-set-tostringtag': [ '2.0.1' ],
15 silly audit   'es-to-primitive': [ '1.2.1' ],
15 silly audit   'es5-ext': [ '0.10.62' ],
15 silly audit   'es6-iterator': [ '2.0.3' ],
15 silly audit   'es6-promise': [ '4.2.8' ],
15 silly audit   'es6-symbol': [ '3.1.3' ],
15 silly audit   escalade: [ '3.1.1' ],
15 silly audit   'escape-html': [ '1.0.3' ],
15 silly audit   escodegen: [ '1.8.1' ],
15 silly audit   'source-map': [ '0.2.0', '0.6.1' ],
15 silly audit   esprima: [ '2.7.3', '4.0.1' ],
15 silly audit   estraverse: [ '1.9.3' ],
15 silly audit   esutils: [ '2.0.3' ],
15 silly audit   etag: [ '1.8.1' ],
15 silly audit   'eth-ens-namehash': [ '2.0.8' ],
15 silly audit   'eth-gas-reporter': [ '0.2.25' ],
15 silly audit   flat: [ '4.1.1', '5.0.2' ],
15 silly audit   fsevents: [ '2.1.3', '2.3.2' ],
15 silly audit   mkdirp: [ '0.5.5', '0.5.6', '1.0.4' ],
15 silly audit   'p-try': [ '2.2.0', '1.0.0' ],
15 silly audit   'strip-json-comments': [ '2.0.1', '3.1.1' ],
15 silly audit   'wrap-ansi': [ '5.1.0', '6.2.0', '7.0.0' ],
15 silly audit   y18n: [ '4.0.3', '5.0.8' ],
15 silly audit   yargs: [ '13.3.2', '15.4.1', '16.2.0' ],
15 silly audit   'yargs-parser': [ '13.1.2', '18.1.3', '20.2.4' ],
15 silly audit   'yargs-unparser': [ '1.6.0', '2.0.0' ],
15 silly audit   'ethereum-bloom-filters': [ '1.0.10' ],
15 silly audit   'ethereumjs-abi': [ '0.6.8' ],
15 silly audit   'ethjs-unit': [ '0.1.6' ],
15 silly audit   'ethjs-util': [ '0.1.6' ],
15 silly audit   'event-target-shim': [ '5.0.1' ],
15 silly audit   eventemitter3: [ '4.0.4' ],
15 silly audit   events: [ '3.3.0' ],
15 silly audit   evp_bytestokey: [ '1.0.3' ],
15 silly audit   express: [ '4.18.2' ],
15 silly audit   'raw-body': [ '2.5.1', '2.5.2' ],
15 silly audit   ext: [ '1.7.0' ],
15 silly audit   type: [ '2.7.2', '1.2.0' ],
15 silly audit   extend: [ '3.0.2' ],
15 silly audit   extsprintf: [ '1.3.0' ],
15 silly audit   'fast-deep-equal': [ '3.1.3' ],
15 silly audit   'fast-glob': [ '3.2.12' ],
15 silly audit   'fast-json-stable-stringify': [ '2.1.0' ],
15 silly audit   'fast-levenshtein': [ '2.0.6' ],
15 silly audit   fastq: [ '1.15.0' ],
15 silly audit   ffiasm: [ '0.1.1' ],
15 silly audit   ffwasm: [ '0.0.7' ],
15 silly audit   filelist: [ '1.0.4' ],
15 silly audit   'fill-range': [ '7.0.1' ],
15 silly audit   finalhandler: [ '1.2.0' ],
15 silly audit   'find-replace': [ '3.0.0' ],
15 silly audit   'fnv-plus': [ '1.3.1' ],
15 silly audit   'follow-redirects': [ '1.15.2' ],
15 silly audit   'for-each': [ '0.3.3' ],
15 silly audit   'forever-agent': [ '0.6.1' ],
15 silly audit   'form-data': [ '2.3.3' ],
15 silly audit   'form-data-encoder': [ '1.7.1' ],
15 silly audit   forwarded: [ '0.2.0' ],
15 silly audit   'fp-ts': [ '1.19.3' ],
15 silly audit   fresh: [ '0.5.2' ],
15 silly audit   'fs-minipass': [ '1.2.7' ],
15 silly audit   'fs-monkey': [ '1.0.3' ],
15 silly audit   'fs-readdir-recursive': [ '1.1.0' ],
15 silly audit   'fs.realpath': [ '1.0.0' ],
15 silly audit   'function-bind': [ '1.1.1' ],
15 silly audit   'function.prototype.name': [ '1.1.5' ],
15 silly audit   'functional-red-black-tree': [ '1.0.1' ],
15 silly audit   'functions-have-names': [ '1.2.3' ],
15 silly audit   'get-caller-file': [ '2.0.5' ],
15 silly audit   'get-func-name': [ '2.0.0' ],
15 silly audit   'get-intrinsic': [ '1.2.0' ],
15 silly audit   'get-port': [ '3.2.0' ],
15 silly audit   'get-symbol-description': [ '1.0.0' ],
15 silly audit   getpass: [ '0.1.7' ],
15 silly audit   'ghost-testrpc': [ '0.0.2' ],
15 silly audit   'glob-parent': [ '5.1.2' ],
15 silly audit   global: [ '4.4.0' ],
15 silly audit   'global-modules': [ '2.0.0' ],
15 silly audit   'global-prefix': [ '3.0.0' ],
15 silly audit   globalthis: [ '1.0.3' ],
15 silly audit   globby: [ '10.0.2' ],
15 silly audit   gopd: [ '1.0.1' ],
15 silly audit   'graceful-fs': [ '4.2.10' ],
15 silly audit   growl: [ '1.10.5' ],
15 silly audit   handlebars: [ '4.7.7' ],
15 silly audit   'har-schema': [ '2.0.0' ],
15 silly audit   'har-validator': [ '5.1.5' ],
15 silly audit   hardhat: [ '2.12.7' ],
15 silly audit   'hardhat-circom': [ '3.3.2' ],
15 silly audit   snarkjs: [ '0.5.0', '0.6.3' ],
15 silly audit   'hardhat-gas-reporter': [ '1.0.9' ],
15 silly audit   has: [ '1.0.3' ],
15 silly audit   'has-bigints': [ '1.0.2' ],
15 silly audit   'has-property-descriptors': [ '1.0.0' ],
15 silly audit   'has-proto': [ '1.0.1' ],
15 silly audit   'has-symbols': [ '1.0.3' ],
15 silly audit   'has-tostringtag': [ '1.0.0' ],
15 silly audit   'hash-base': [ '3.1.0' ],
15 silly audit   he: [ '1.2.0' ],
15 silly audit   'hmac-drbg': [ '1.0.1' ],
15 silly audit   hoopy: [ '0.1.4' ],
15 silly audit   'http-basic': [ '8.1.3' ],
15 silly audit   'http-cache-semantics': [ '4.1.1' ],
15 silly audit   'http-errors': [ '2.0.0' ],
15 silly audit   'http-https': [ '1.0.0' ],
15 silly audit   'http-response-object': [ '3.0.2' ],
15 silly audit   'http-signature': [ '1.2.0' ],
15 silly audit   'http2-wrapper': [ '2.2.0', '1.0.3' ],
15 silly audit   'https-proxy-agent': [ '5.0.1' ],
15 silly audit   'iconv-lite': [ '0.4.24' ],
15 silly audit   'idna-uts46-hx': [ '2.3.1' ],
15 silly audit   punycode: [ '2.1.0', '2.3.0' ],
15 silly audit   ieee754: [ '1.2.1' ],
15 silly audit   ignore: [ '5.2.4' ],
15 silly audit   immutable: [ '4.2.4' ],
15 silly audit   'indent-string': [ '4.0.0' ],
15 silly audit   inflight: [ '1.0.6' ],
15 silly audit   inherits: [ '2.0.4' ],
15 silly audit   ini: [ '1.3.8' ],
15 silly audit   'internal-slot': [ '1.0.5' ],
15 silly audit   interpret: [ '1.4.0' ],
15 silly audit   'io-ts': [ '1.10.4' ],
15 silly audit   'ipaddr.js': [ '1.9.1' ],
15 silly audit   'is-arguments': [ '1.1.1' ],
15 silly audit   'is-array-buffer': [ '3.0.1' ],
15 silly audit   'is-bigint': [ '1.0.4' ],
15 silly audit   'is-binary-path': [ '2.1.0' ],
15 silly audit   'is-boolean-object': [ '1.1.2' ],
15 silly audit   'is-buffer': [ '2.0.5' ],
15 silly audit   'is-callable': [ '1.2.7' ],
15 silly audit   'is-date-object': [ '1.0.5' ],
15 silly audit   'is-extglob': [ '2.1.1' ],
15 silly audit   'is-function': [ '1.0.2' ],
15 silly audit   'is-generator-function': [ '1.0.10' ],
15 silly audit   'is-glob': [ '4.0.3' ],
15 silly audit   'is-hex-prefixed': [ '1.0.0' ],
15 silly audit   'is-negative-zero': [ '2.0.2' ],
15 silly audit   'is-number': [ '7.0.0' ],
15 silly audit   'is-number-object': [ '1.0.7' ],
15 silly audit   'is-plain-obj': [ '2.1.0' ],
15 silly audit   'is-regex': [ '1.1.4' ],
15 silly audit   'is-shared-array-buffer': [ '1.0.2' ],
15 silly audit   'is-string': [ '1.0.7' ],
15 silly audit   'is-symbol': [ '1.0.4' ],
15 silly audit   'is-typed-array': [ '1.1.10' ],
15 silly audit   'is-typedarray': [ '1.0.0' ],
15 silly audit   'is-unicode-supported': [ '0.1.0' ],
15 silly audit   'is-weakref': [ '1.0.2' ],
15 silly audit   isarray: [ '1.0.0' ],
15 silly audit   isexe: [ '2.0.0' ],
15 silly audit   isstream: [ '0.1.2' ],
15 silly audit   jake: [ '10.8.5' ],
15 silly audit   jsbn: [ '0.1.1' ],
15 silly audit   'json-schema': [ '0.4.0' ],
15 silly audit   'json-schema-traverse': [ '0.4.1', '1.0.0' ],
15 silly audit   'json-stringify-safe': [ '5.0.1' ],
15 silly audit   jsonschema: [ '1.4.1' ],
15 silly audit   jsprim: [ '1.4.2' ],
15 silly audit   keccak: [ '3.0.3' ],
15 silly audit   'kind-of': [ '6.0.3' ],
15 silly audit   klaw: [ '1.3.1' ],
15 silly audit   level: [ '8.0.0' ],
15 silly audit   'level-supports': [ '4.0.1' ],
15 silly audit   'level-transcoder': [ '1.0.1' ],
15 silly audit   levn: [ '0.3.0' ],
15 silly audit   lodash: [ '4.17.21' ],
15 silly audit   'lodash.camelcase': [ '4.3.0' ],
15 silly audit   'lodash.truncate': [ '4.4.2' ],
15 silly audit   logplease: [ '1.2.15' ],
15 silly audit   loupe: [ '2.3.6' ],
15 silly audit   lru_map: [ '0.3.3' ],
15 silly audit   'lru-cache': [ '5.1.1', '6.0.0' ],
15 silly audit   'make-error': [ '1.3.6' ],
15 silly audit   'markdown-table': [ '1.1.3' ],
15 silly audit   'mcl-wasm': [ '0.7.9' ],
15 silly audit   'md5.js': [ '1.3.5' ],
15 silly audit   'media-typer': [ '0.3.0' ],
15 silly audit   memfs: [ '3.4.13' ],
15 silly audit   'memory-level': [ '1.0.0' ],
15 silly audit   memorystream: [ '0.3.1' ],
15 silly audit   'merge-descriptors': [ '1.0.1' ],
15 silly audit   merge2: [ '1.4.1' ],
15 silly audit   methods: [ '1.1.2' ],
15 silly audit   micromatch: [ '4.0.5' ],
15 silly audit   'miller-rabin': [ '4.0.1' ],
15 silly audit   mime: [ '1.6.0' ],
15 silly audit   'mime-db': [ '1.52.0' ],
15 silly audit   'mime-types': [ '2.1.35' ],
15 silly audit   'min-document': [ '2.19.0' ],
15 silly audit   'minimalistic-assert': [ '1.0.1' ],
15 silly audit   'minimalistic-crypto-utils': [ '1.0.1' ],
15 silly audit   minimist: [ '1.2.8' ],
15 silly audit   minipass: [ '2.9.0' ],
15 silly audit   minizlib: [ '1.3.3' ],
15 silly audit   'mkdirp-promise': [ '5.0.1' ],
15 silly audit   mnemonist: [ '0.38.5' ],
15 silly audit   'mock-fs': [ '4.14.0' ],
15 silly audit   'module-error': [ '1.0.2' ],
15 silly audit   multibase: [ '0.6.1', '0.7.0' ],
15 silly audit   multihashes: [ '0.4.21' ],
15 silly audit   'nano-json-stream-parser': [ '0.1.2' ],
15 silly audit   nanoassert: [ '2.0.0' ],
15 silly audit   'napi-macros': [ '2.0.0' ],
15 silly audit   negotiator: [ '0.6.3' ],
15 silly audit   'neo-async': [ '2.6.2' ],
15 silly audit   'next-tick': [ '1.1.0' ],
15 silly audit   'node-addon-api': [ '2.0.2' ],
15 silly audit   'node-emoji': [ '1.11.0' ],
15 silly audit   'node-environment-flags': [ '1.0.6' ],
15 silly audit   semver: [ '5.7.1', '6.3.0', '7.3.8' ],
15 silly audit   'node-fetch': [ '2.6.7' ],
15 silly audit   'node-gyp-build': [ '4.6.0' ],
15 silly audit   nofilter: [ '3.1.0' ],
15 silly audit   nopt: [ '3.0.6' ],
15 silly audit   'normalize-path': [ '3.0.0' ],
15 silly audit   'number-to-bn': [ '1.7.0' ],
15 silly audit   'oauth-sign': [ '0.9.0' ],
15 silly audit   'object-assign': [ '4.1.1' ],
15 silly audit   'object-inspect': [ '1.12.3' ],
15 silly audit   'object-keys': [ '1.1.1' ],
15 silly audit   'object.getownpropertydescriptors': [ '2.1.5' ],
15 silly audit   obliterator: [ '2.0.4' ],
15 silly audit   oboe: [ '2.1.5' ],
15 silly audit   'on-finished': [ '2.4.1' ],
15 silly audit   once: [ '1.4.0' ],
15 silly audit   optionator: [ '0.8.3' ],
15 silly audit   ordinal: [ '1.0.3' ],
15 silly audit   'os-tmpdir': [ '1.0.2' ],
15 silly audit   'p-map': [ '4.0.0' ],
15 silly audit   'parse-asn1': [ '5.1.6' ],
15 silly audit   'parse-cache-control': [ '1.0.1' ],
15 silly audit   'parse-headers': [ '2.0.5' ],
15 silly audit   parseurl: [ '1.3.3' ],
15 silly audit   'path-browserify': [ '1.0.1' ],
15 silly audit   'path-is-absolute': [ '1.0.1' ],
15 silly audit   'path-parse': [ '1.0.7' ],
15 silly audit   'path-to-regexp': [ '0.1.7' ],
15 silly audit   'path-type': [ '4.0.0' ],
15 silly audit   pathval: [ '1.1.1' ],
15 silly audit   pbkdf2: [ '3.1.2' ],
15 silly audit   'performance-now': [ '2.1.0' ],
15 silly audit   picomatch: [ '2.3.1' ],
15 silly audit   pify: [ '4.0.1' ],
15 silly audit   'prelude-ls': [ '1.1.2' ],
15 silly audit   'prepend-http': [ '2.0.0' ],
15 silly audit   prettier: [ '2.8.4' ],
15 silly audit   process: [ '0.11.10' ],
15 silly audit   'process-nextick-args': [ '2.0.1' ],
15 silly audit   promise: [ '8.3.0' ],
15 silly audit   'proxy-addr': [ '2.0.7' ],
15 silly audit   psl: [ '1.9.0' ],
15 silly audit   'public-encrypt': [ '4.0.3' ],
15 silly audit   pump: [ '3.0.0' ],
15 silly audit   qs: [ '6.11.0', '6.5.3' ],
15 silly audit   'query-string': [ '5.1.1' ],
15 silly audit   'queue-microtask': [ '1.2.3' ],
15 silly audit   'quick-lru': [ '5.1.1' ],
15 silly audit   randombytes: [ '2.1.0' ],
15 silly audit   randomfill: [ '1.0.4' ],
15 silly audit   'range-parser': [ '1.2.1' ],
15 silly audit   rechoir: [ '0.6.2' ],
15 silly audit   'recursive-readdir': [ '2.2.3' ],
15 silly audit   'reduce-flatten': [ '2.0.0' ],
15 silly audit   'regexp.prototype.flags': [ '1.4.3' ],
15 silly audit   'req-cwd': [ '2.0.0' ],
15 silly audit   'req-from': [ '2.0.0' ],
15 silly audit   request: [ '2.88.2' ],
15 silly audit   'request-promise-core': [ '1.1.4' ],
15 silly audit   'request-promise-native': [ '1.0.9' ],
15 silly audit   'require-directory': [ '2.1.1' ],
15 silly audit   'require-from-string': [ '2.0.2' ],
15 silly audit   'require-main-filename': [ '2.0.0' ],
15 silly audit   resolve: [ '1.17.0', '1.1.7' ],
15 silly audit   'resolve-alpn': [ '1.2.1' ],
15 silly audit   'resolve-from': [ '3.0.0' ],
15 silly audit   reusify: [ '1.0.4' ],
15 silly audit   rimraf: [ '2.7.1' ],
15 silly audit   ripemd160: [ '2.0.2' ],
15 silly audit   rlp: [ '2.2.7' ],
15 silly audit   'run-parallel': [ '1.2.0' ],
15 silly audit   'run-parallel-limit': [ '1.1.0' ],
15 silly audit   'rustbn.js': [ '0.2.0' ],
15 silly audit   'safe-regex-test': [ '1.0.0' ],
15 silly audit   'safer-buffer': [ '2.1.2' ],
15 silly audit   'sc-istanbul': [ '0.4.6' ],
15 silly audit   secp256k1: [ '4.0.3' ],
15 silly audit   send: [ '0.18.0' ],
15 silly audit   'serve-static': [ '1.15.0' ],
15 silly audit   servify: [ '0.1.12' ],
15 silly audit   'set-blocking': [ '2.0.0' ],
15 silly audit   setprototypeof: [ '1.2.0' ],
15 silly audit   'sha.js': [ '2.4.11' ],
15 silly audit   sha1: [ '1.1.1' ],
15 silly audit   shelljs: [ '0.8.5' ],
15 silly audit   shimmer: [ '1.2.1' ],
15 silly audit   'side-channel': [ '1.0.4' ],
15 silly audit   'simple-concat': [ '1.0.1' ],
15 silly audit   'simple-get': [ '2.8.2' ],
15 silly audit   slash: [ '3.0.0' ],
15 silly audit   'slice-ansi': [ '4.0.0' ],
15 silly audit   solc: [ '0.7.3' ],
15 silly audit   'solidity-coverage': [ '0.7.22' ],
15 silly audit   yallist: [ '4.0.0', '3.1.1' ],
15 silly audit   'source-map-support': [ '0.5.21' ],
15 silly audit   'sprintf-js': [ '1.0.3' ],
15 silly audit   sshpk: [ '1.17.0' ],
15 silly audit   'stacktrace-parser': [ '0.1.10' ],
15 silly audit   'type-fest': [ '0.7.1', '0.21.3' ],
15 silly audit   statuses: [ '2.0.1' ],
15 silly audit   'stealthy-require': [ '1.1.1' ],
15 silly audit   streamsearch: [ '1.1.0' ],
15 silly audit   'strict-uri-encode': [ '1.1.0' ],
15 silly audit   'string-format': [ '2.0.0' ],
15 silly audit   'string.prototype.trimend': [ '1.0.6' ],
15 silly audit   'string.prototype.trimstart': [ '1.0.6' ],
15 silly audit   'strip-hex-prefix': [ '1.0.0' ],
15 silly audit   'swarm-js': [ '0.1.42' ],
15 silly audit   'sync-request': [ '6.1.0' ],
15 silly audit   'sync-rpc': [ '1.3.6' ],
15 silly audit   table: [ '6.8.1' ],
15 silly audit   'table-layout': [ '1.0.2' ],
15 silly audit   tar: [ '4.4.19' ],
15 silly audit   'then-request': [ '6.0.2' ],
15 silly audit   'timed-out': [ '4.0.1' ],
15 silly audit   tmp: [ '0.0.33', '0.1.0' ],
15 silly audit   'tmp-promise': [ '2.1.1' ],
15 silly audit   'to-readable-stream': [ '1.0.0' ],
15 silly audit   'to-regex-range': [ '5.0.1' ],
15 silly audit   toidentifier: [ '1.0.1' ],
15 silly audit   'tough-cookie': [ '2.5.0' ],
15 silly audit   tr46: [ '0.0.3' ],
15 silly audit   tryer: [ '1.0.1' ],
15 silly audit   'ts-command-line-args': [ '2.4.2' ],
15 silly audit   'ts-essentials': [ '7.0.3' ],
15 silly audit   'ts-node': [ '10.9.1' ],
15 silly audit   tslib: [ '1.14.1' ],
15 silly audit   tsort: [ '0.0.1' ],
15 silly audit   'tunnel-agent': [ '0.6.0' ],
15 silly audit   'tweetnacl-util': [ '0.15.1' ],
15 silly audit   'type-check': [ '0.3.2' ],
15 silly audit   'type-detect': [ '4.0.8' ],
15 silly audit   'type-is': [ '1.6.18' ],
15 silly audit   typechain: [ '8.1.1' ],
15 silly audit   'typed-array-length': [ '1.0.4' ],
15 silly audit   typedarray: [ '0.0.6' ],
15 silly audit   'typedarray-to-buffer': [ '3.1.5' ],
15 silly audit   typescript: [ '4.9.5' ],
15 silly audit   'uglify-js': [ '3.17.4' ],
15 silly audit   ultron: [ '1.1.1' ],
15 silly audit   'unbox-primitive': [ '1.0.2' ],
15 silly audit   undici: [ '5.20.0' ],
15 silly audit   unpipe: [ '1.0.0' ],
15 silly audit   'uri-js': [ '4.4.1' ],
15 silly audit   'url-parse-lax': [ '3.0.0' ],
15 silly audit   'url-set-query': [ '1.0.0' ],
15 silly audit   'utf-8-validate': [ '5.0.10' ],
15 silly audit   utf8: [ '3.0.0' ],
15 silly audit   util: [ '0.12.5' ],
15 silly audit   'util-deprecate': [ '1.0.2' ],
15 silly audit   'utils-merge': [ '1.0.1' ],
15 silly audit   'v8-compile-cache-lib': [ '3.0.1' ],
15 silly audit   varint: [ '5.0.2' ],
15 silly audit   vary: [ '1.1.2' ],
15 silly audit   verror: [ '1.10.0' ],
15 silly audit   'web-worker': [ '1.2.0' ],
15 silly audit   'web3-utils': [ '1.7.4', '1.8.2' ],
15 silly audit   'webidl-conversions': [ '3.0.1' ],
15 silly audit   websocket: [ '1.0.34' ],
15 silly audit   'whatwg-url': [ '5.0.0' ],
15 silly audit   'which-boxed-primitive': [ '1.0.2' ],
15 silly audit   'which-module': [ '2.0.0' ],
15 silly audit   'which-typed-array': [ '1.1.9' ],
15 silly audit   'wide-align': [ '1.1.3' ],
15 silly audit   'word-wrap': [ '1.2.3' ],
15 silly audit   wordwrap: [ '1.0.0' ],
15 silly audit   wordwrapjs: [ '4.0.1' ],
15 silly audit   'worker-threads': [ '1.0.0' ],
15 silly audit   wrappy: [ '1.0.2' ],
15 silly audit   xhr: [ '2.6.0' ],
15 silly audit   'xhr-request': [ '1.1.0' ],
15 silly audit   'xhr-request-promise': [ '0.1.3' ],
15 silly audit   'xhr2-cookies': [ '1.1.0' ],
15 silly audit   xmlhttprequest: [ '1.8.0' ],
15 silly audit   xtend: [ '4.0.2' ],
15 silly audit   yaeti: [ '0.0.6' ],
15 silly audit   yn: [ '3.1.1' ],
15 silly audit   'yocto-queue': [ '0.1.0' ]
15 silly audit }
16 verbose reify failed optional dependency /home/yanaagi/zardkat/node_modules/fsevents
17 silly reify mark deleted [ '/home/yanaagi/zardkat/node_modules/fsevents' ]
18 verbose reify failed optional dependency /home/yanaagi/zardkat/node_modules/@nomicfoundation/solidity-analyzer-win32-x64-msvc
19 silly reify mark deleted [
19 silly reify   '/home/yanaagi/zardkat/node_modules/@nomicfoundation/solidity-analyzer-win32-x64-msvc'
19 silly reify ]
20 verbose reify failed optional dependency /home/yanaagi/zardkat/node_modules/@nomicfoundation/solidity-analyzer-win32-ia32-msvc
21 silly reify mark deleted [
21 silly reify   '/home/yanaagi/zardkat/node_modules/@nomicfoundation/solidity-analyzer-win32-ia32-msvc'
21 silly reify ]
22 verbose reify failed optional dependency /home/yanaagi/zardkat/node_modules/@nomicfoundation/solidity-analyzer-win32-arm64-msvc
23 silly reify mark deleted [
23 silly reify   '/home/yanaagi/zardkat/node_modules/@nomicfoundation/solidity-analyzer-win32-arm64-msvc'
23 silly reify ]
24 verbose reify failed optional dependency /home/yanaagi/zardkat/node_modules/@nomicfoundation/solidity-analyzer-linux-arm64-musl
25 silly reify mark deleted [
25 silly reify   '/home/yanaagi/zardkat/node_modules/@nomicfoundation/solidity-analyzer-linux-arm64-musl'
25 silly reify ]
26 verbose reify failed optional dependency /home/yanaagi/zardkat/node_modules/@nomicfoundation/solidity-analyzer-linux-arm64-gnu
27 silly reify mark deleted [
27 silly reify   '/home/yanaagi/zardkat/node_modules/@nomicfoundation/solidity-analyzer-linux-arm64-gnu'
27 silly reify ]
28 verbose reify failed optional dependency /home/yanaagi/zardkat/node_modules/@nomicfoundation/solidity-analyzer-freebsd-x64
29 silly reify mark deleted [
29 silly reify   '/home/yanaagi/zardkat/node_modules/@nomicfoundation/solidity-analyzer-freebsd-x64'
29 silly reify ]
30 verbose reify failed optional dependency /home/yanaagi/zardkat/node_modules/@nomicfoundation/solidity-analyzer-darwin-x64
31 silly reify mark deleted [
31 silly reify   '/home/yanaagi/zardkat/node_modules/@nomicfoundation/solidity-analyzer-darwin-x64'
31 silly reify ]
32 verbose reify failed optional dependency /home/yanaagi/zardkat/node_modules/@nomicfoundation/solidity-analyzer-darwin-arm64
33 silly reify mark deleted [
33 silly reify   '/home/yanaagi/zardkat/node_modules/@nomicfoundation/solidity-analyzer-darwin-arm64'
33 silly reify ]
34 verbose reify failed optional dependency /home/yanaagi/zardkat/node_modules/eth-gas-reporter/node_modules/fsevents
35 silly reify mark deleted [
35 silly reify   '/home/yanaagi/zardkat/node_modules/eth-gas-reporter/node_modules/fsevents'
35 silly reify ]
36 http fetch POST 200 https://registry.npmjs.org/-/npm/v1/security/advisories/bulk 658ms
37 silly audit report {
37 silly audit report   got: [
37 silly audit report     {
37 silly audit report       id: 1088948,
37 silly audit report       url: 'https://github.com/advisories/GHSA-pfrx-2q88-qq97',
37 silly audit report       title: 'Got allows a redirect to a UNIX socket',
37 silly audit report       severity: 'moderate',
37 silly audit report       vulnerable_versions: '<11.8.5',
37 silly audit report       cwe: [],
37 silly audit report       cvss: [Object]
37 silly audit report     }
37 silly audit report   ],
37 silly audit report   debug: [
37 silly audit report     {
37 silly audit report       id: 1096793,
37 silly audit report       url: 'https://github.com/advisories/GHSA-gxpj-cx7g-858c',
37 silly audit report       title: 'Regular Expression Denial of Service in debug',
37 silly audit report       severity: 'low',
37 silly audit report       vulnerable_versions: '>=3.2.0 <3.2.7',
37 silly audit report       cwe: [Array],
37 silly audit report       cvss: [Object]
37 silly audit report     }
37 silly audit report   ],
37 silly audit report   braces: [
37 silly audit report     {
37 silly audit report       id: 1097496,
37 silly audit report       url: 'https://github.com/advisories/GHSA-grv7-fg5c-xmjg',
37 silly audit report       title: 'Uncontrolled resource consumption in braces',
37 silly audit report       severity: 'high',
37 silly audit report       vulnerable_versions: '<3.0.3',
37 silly audit report       cwe: [Array],
37 silly audit report       cvss: [Object]
37 silly audit report     }
37 silly audit report   ],
37 silly audit report   'browserify-sign': [
37 silly audit report     {
37 silly audit report       id: 1096644,
37 silly audit report       url: 'https://github.com/advisories/GHSA-x9w5-v3q2-3rhw',
37 silly audit report       title: 'browserify-sign upper bound check issue in `dsaVerify` leads to a signature forgery attack',
37 silly audit report       severity: 'high',
37 silly audit report       vulnerable_versions: '>=2.6.0 <=4.2.1',
37 silly audit report       cwe: [Array],
37 silly audit report       cvss: [Object]
37 silly audit report     }
37 silly audit report   ],
37 silly audit report   minimatch: [
37 silly audit report     {
37 silly audit report       id: 1096485,
37 silly audit report       url: 'https://github.com/advisories/GHSA-f8q6-p94x-37v3',
37 silly audit report       title: 'minimatch ReDoS vulnerability',
37 silly audit report       severity: 'high',
37 silly audit report       vulnerable_versions: '<3.0.5',
37 silly audit report       cwe: [Array],
37 silly audit report       cvss: [Object]
37 silly audit report     }
37 silly audit report   ],
37 silly audit report   nanoid: [
37 silly audit report     {
37 silly audit report       id: 1089011,
37 silly audit report       url: 'https://github.com/advisories/GHSA-qrpm-p2h7-hrv2',
37 silly audit report       title: 'Exposure of Sensitive Information to an Unauthorized Actor in nanoid',
37 silly audit report       severity: 'moderate',
37 silly audit report       vulnerable_versions: '>=3.0.0 <3.1.31',
37 silly audit report       cwe: [Array],
37 silly audit report       cvss: [Object]
37 silly audit report     }
37 silly audit report   ],
37 silly audit report   ejs: [
37 silly audit report     {
37 silly audit report       id: 1097492,
37 silly audit report       url: 'https://github.com/advisories/GHSA-ghr5-ch3p-vcr6',
37 silly audit report       title: 'ejs lacks certain pollution protection',
37 silly audit report       severity: 'moderate',
37 silly audit report       vulnerable_versions: '<3.1.10',
37 silly audit report       cwe: [Array],
37 silly audit report       cvss: [Object]
37 silly audit report     }
37 silly audit report   ],
37 silly audit report   'es5-ext': [
37 silly audit report     {
37 silly audit report       id: 1096592,
37 silly audit report       url: 'https://github.com/advisories/GHSA-4gmj-3p3h-gm8h',
37 silly audit report       title: 'es5-ext vulnerable to Regular Expression Denial of Service in `function#copy` and `function#toStringTokens`',
37 silly audit report       severity: 'low',
37 silly audit report       vulnerable_versions: '>=0.10.0 <0.10.63',
37 silly audit report       cwe: [Array],
37 silly audit report       cvss: [Object]
37 silly audit report     }
37 silly audit report   ],
37 silly audit report   flat: [
37 silly audit report     {
37 silly audit report       id: 1089152,
37 silly audit report       url: 'https://github.com/advisories/GHSA-2j2x-2gpw-g8fm',
37 silly audit report       title: 'flat vulnerable to Prototype Pollution',
37 silly audit report       severity: 'critical',
37 silly audit report       vulnerable_versions: '<5.0.1',
37 silly audit report       cwe: [Array],
37 silly audit report       cvss: [Object]
37 silly audit report     }
37 silly audit report   ],
37 silly audit report   express: [
37 silly audit report     {
37 silly audit report       id: 1096820,
37 silly audit report       url: 'https://github.com/advisories/GHSA-rv95-896h-c2vc',
37 silly audit report       title: 'Express.js Open Redirect in malformed URLs',
37 silly audit report       severity: 'moderate',
37 silly audit report       vulnerable_versions: '<4.19.2',
37 silly audit report       cwe: [Array],
37 silly audit report       cvss: [Object]
37 silly audit report     }
37 silly audit report   ],
37 silly audit report   'follow-redirects': [
37 silly audit report     {
37 silly audit report       id: 1096353,
37 silly audit report       url: 'https://github.com/advisories/GHSA-jchw-25xp-jwwc',
37 silly audit report       title: 'Follow Redirects improperly handles URLs in the url.parse() function',
37 silly audit report       severity: 'moderate',
37 silly audit report       vulnerable_versions: '<1.15.4',
37 silly audit report       cwe: [Array],
37 silly audit report       cvss: [Object]
37 silly audit report     },
37 silly audit report     {
37 silly audit report       id: 1096856,
37 silly audit report       url: 'https://github.com/advisories/GHSA-cxjh-pqwp-8mfp',
37 silly audit report       title: "follow-redirects' Proxy-Authorization header kept across hosts",
37 silly audit report       severity: 'moderate',
37 silly audit report       vulnerable_versions: '<=1.15.5',
37 silly audit report       cwe: [Array],
37 silly audit report       cvss: [Object]
37 silly audit report     }
37 silly audit report   ],
37 silly audit report   'get-func-name': [
37 silly audit report     {
37 silly audit report       id: 1094574,
37 silly audit report       url: 'https://github.com/advisories/GHSA-4q6p-r6v2-jvc5',
37 silly audit report       title: 'Chaijs/get-func-name vulnerable to ReDoS',
37 silly audit report       severity: 'high',
37 silly audit report       vulnerable_versions: '<2.0.1',
37 silly audit report       cwe: [Array],
37 silly audit report       cvss: [Object]
37 silly audit report     }
37 silly audit report   ],
37 silly audit report   snarkjs: [
37 silly audit report     {
37 silly audit report       id: 1094532,
37 silly audit report       url: 'https://github.com/advisories/GHSA-xp5g-jhg3-3rg2',
37 silly audit report       title: 'Double spend in snarkjs',
37 silly audit report       severity: 'high',
37 silly audit report       vulnerable_versions: '<=0.6.11',
37 silly audit report       cwe: [],
37 silly audit report       cvss: [Object]
37 silly audit report     }
37 silly audit report   ],
37 silly audit report   semver: [
37 silly audit report     {
37 silly audit report       id: 1096482,
37 silly audit report       url: 'https://github.com/advisories/GHSA-c2qf-rxjj-qqgw',
37 silly audit report       title: 'semver vulnerable to Regular Expression Denial of Service',
37 silly audit report       severity: 'moderate',
37 silly audit report       vulnerable_versions: '>=7.0.0 <7.5.2',
37 silly audit report       cwe: [Array],
37 silly audit report       cvss: [Object]
37 silly audit report     },
37 silly audit report     {
37 silly audit report       id: 1096483,
37 silly audit report       url: 'https://github.com/advisories/GHSA-c2qf-rxjj-qqgw',
37 silly audit report       title: 'semver vulnerable to Regular Expression Denial of Service',
37 silly audit report       severity: 'moderate',
37 silly audit report       vulnerable_versions: '<5.7.2',
37 silly audit report       cwe: [Array],
37 silly audit report       cvss: [Object]
37 silly audit report     },
37 silly audit report     {
37 silly audit report       id: 1096484,
37 silly audit report       url: 'https://github.com/advisories/GHSA-c2qf-rxjj-qqgw',
37 silly audit report       title: 'semver vulnerable to Regular Expression Denial of Service',
37 silly audit report       severity: 'moderate',
37 silly audit report       vulnerable_versions: '>=6.0.0 <6.3.1',
37 silly audit report       cwe: [Array],
37 silly audit report       cvss: [Object]
37 silly audit report     }
37 silly audit report   ],
37 silly audit report   request: [
37 silly audit report     {
37 silly audit report       id: 1096727,
37 silly audit report       url: 'https://github.com/advisories/GHSA-p8p7-x288-28g6',
37 silly audit report       title: 'Server-Side Request Forgery in Request',
37 silly audit report       severity: 'moderate',
37 silly audit report       vulnerable_versions: '<=2.88.2',
37 silly audit report       cwe: [Array],
37 silly audit report       cvss: [Object]
37 silly audit report     }
37 silly audit report   ],
37 silly audit report   tar: [
37 silly audit report     {
37 silly audit report       id: 1097493,
37 silly audit report       url: 'https://github.com/advisories/GHSA-f5x3-32g6-xq36',
37 silly audit report       title: 'Denial of service while parsing a tar file due to lack of folders count validation',
37 silly audit report       severity: 'moderate',
37 silly audit report       vulnerable_versions: '<6.2.1',
37 silly audit report       cwe: [Array],
37 silly audit report       cvss: [Object]
37 silly audit report     }
37 silly audit report   ],
37 silly audit report   'tough-cookie': [
37 silly audit report     {
37 silly audit report       id: 1096643,
37 silly audit report       url: 'https://github.com/advisories/GHSA-72xf-g2v4-qvf3',
37 silly audit report       title: 'tough-cookie Prototype Pollution vulnerability',
37 silly audit report       severity: 'moderate',
37 silly audit report       vulnerable_versions: '<4.1.3',
37 silly audit report       cwe: [Array],
37 silly audit report       cvss: [Object]
37 silly audit report     }
37 silly audit report   ],
37 silly audit report   undici: [
37 silly audit report     {
37 silly audit report       id: 1096502,
37 silly audit report       url: 'https://github.com/advisories/GHSA-wqq4-5wpv-mx2g',
37 silly audit report       title: "Undici's cookie header not cleared on cross-origin redirect in fetch",
37 silly audit report       severity: 'low',
37 silly audit report       vulnerable_versions: '<5.26.2',
37 silly audit report       cwe: [Array],
37 silly audit report       cvss: [Object]
37 silly audit report     },
37 silly audit report     {
37 silly audit report       id: 1097109,
37 silly audit report       url: 'https://github.com/advisories/GHSA-m4v8-wqvr-p9f7',
37 silly audit report       title: "Undici's Proxy-Authorization header not cleared on cross-origin redirect for dispatch, request, stream, pipeline",
37 silly audit report       severity: 'low',
37 silly audit report       vulnerable_versions: '<5.28.4',
37 silly audit report       cwe: [Array],
37 silly audit report       cvss: [Object]
37 silly audit report     },
37 silly audit report     {
37 silly audit report       id: 1097200,
37 silly audit report       url: 'https://github.com/advisories/GHSA-9qxr-qj54-h672',
37 silly audit report       title: "Undici's fetch with integrity option is too lax when algorithm is specified but hash value is in incorrect",
37 silly audit report       severity: 'low',
37 silly audit report       vulnerable_versions: '<5.28.4',
37 silly audit report       cwe: [Array],
37 silly audit report       cvss: [Object]
37 silly audit report     },
37 silly audit report     {
37 silly audit report       id: 1097221,
37 silly audit report       url: 'https://github.com/advisories/GHSA-3787-6prv-h9w3',
37 silly audit report       title: 'Undici proxy-authorization header not cleared on cross-origin redirect in fetch',
37 silly audit report       severity: 'low',
37 silly audit report       vulnerable_versions: '<=5.28.2',
37 silly audit report       cwe: [Array],
37 silly audit report       cvss: [Object]
37 silly audit report     }
37 silly audit report   ],
37 silly audit report   'word-wrap': [
37 silly audit report     {
37 silly audit report       id: 1095091,
37 silly audit report       url: 'https://github.com/advisories/GHSA-j8xg-fqg3-53r7',
37 silly audit report       title: 'word-wrap vulnerable to Regular Expression Denial of Service',
37 silly audit report       severity: 'moderate',
37 silly audit report       vulnerable_versions: '<1.2.4',
37 silly audit report       cwe: [Array],
37 silly audit report       cvss: [Object]
37 silly audit report     }
37 silly audit report   ]
37 silly audit report }
38 http fetch GET 200 https://registry.npmjs.org/debug 83ms (cache revalidated)
39 http fetch GET 200 https://registry.npmjs.org/browserify-sign 100ms (cache revalidated)
40 http fetch GET 200 https://registry.npmjs.org/minimatch 105ms (cache revalidated)
41 http fetch GET 200 https://registry.npmjs.org/braces 111ms (cache revalidated)
42 http fetch GET 200 https://registry.npmjs.org/follow-redirects 109ms (cache revalidated)
43 http fetch GET 200 https://registry.npmjs.org/semver 109ms (cache revalidated)
44 http fetch GET 200 https://registry.npmjs.org/request 115ms (cache revalidated)
45 http fetch GET 200 https://registry.npmjs.org/nanoid 131ms (cache revalidated)
46 http fetch GET 200 https://registry.npmjs.org/tar 135ms (cache revalidated)
47 http fetch GET 200 https://registry.npmjs.org/tough-cookie 136ms (cache revalidated)
48 http fetch GET 200 https://registry.npmjs.org/word-wrap 148ms (cache revalidated)
49 http fetch GET 200 https://registry.npmjs.org/express 391ms (cache revalidated)
50 http fetch GET 200 https://registry.npmjs.org/snarkjs 689ms (cache revalidated)
51 http fetch GET 200 https://registry.npmjs.org/get-func-name 693ms (cache revalidated)
52 http fetch GET 200 https://registry.npmjs.org/undici 698ms (cache revalidated)
53 http fetch GET 200 https://registry.npmjs.org/es5-ext 706ms (cache revalidated)
54 http fetch GET 200 https://registry.npmjs.org/ejs 709ms (cache revalidated)
55 http fetch GET 200 https://registry.npmjs.org/flat 709ms (cache revalidated)
56 http fetch GET 200 https://registry.npmjs.org/got 757ms (cache revalidated)
57 http fetch GET 200 https://registry.npmjs.org/web3-bzz 240ms (cache revalidated)
58 http fetch GET 200 https://registry.npmjs.org/mocha 36ms (cache revalidated)
59 http fetch GET 200 https://registry.npmjs.org/micromatch 30ms (cache revalidated)
60 http fetch GET 200 https://registry.npmjs.org/chokidar 35ms (cache revalidated)
61 http fetch GET 200 https://registry.npmjs.org/crypto-browserify 34ms (cache revalidated)
62 http fetch GET 200 https://registry.npmjs.org/glob 35ms (cache revalidated)
63 http fetch GET 200 https://registry.npmjs.org/ffiasm 240ms (cache revalidated)
64 http fetch GET 200 https://registry.npmjs.org/d 238ms (cache revalidated)
65 http fetch GET 200 https://registry.npmjs.org/websocket 238ms (cache revalidated)
66 http fetch GET 200 https://registry.npmjs.org/es6-iterator 628ms (cache revalidated)
67 http fetch GET 200 https://registry.npmjs.org/yargs-unparser 694ms (cache revalidated)
68 http fetch GET 200 https://registry.npmjs.org/servify 651ms (cache revalidated)
69 http fetch GET 200 https://registry.npmjs.org/solc 239ms (cache revalidated)
70 http fetch GET 200 https://registry.npmjs.org/chai 33ms (cache revalidated)
71 http fetch GET 200 https://registry.npmjs.org/loupe 643ms (cache revalidated)
72 http fetch GET 200 https://registry.npmjs.org/hardhat-circom 631ms (cache revalidated)
73 http fetch GET 200 https://registry.npmjs.org/solidity-coverage 623ms (cache revalidated)
74 http fetch GET 200 https://registry.npmjs.org/node-environment-flags 620ms (cache revalidated)
75 http fetch GET 200 https://registry.npmjs.org/hardhat 656ms (cache revalidated)
76 http fetch GET 200 https://registry.npmjs.org/@nomiclabs%2fhardhat-etherscan 1637ms (cache revalidated)
77 http fetch GET 200 https://registry.npmjs.org/request-promise-core 626ms (cache revalidated)
78 http fetch GET 200 https://registry.npmjs.org/request-promise-native 632ms (cache revalidated)
79 http fetch GET 200 https://registry.npmjs.org/eth-gas-reporter 635ms (cache revalidated)
80 http fetch GET 200 https://registry.npmjs.org/swarm-js 683ms (cache revalidated)
81 http fetch GET 200 https://registry.npmjs.org/optionator 33ms (cache revalidated)
82 http fetch GET 200 https://registry.npmjs.org/web3 633ms (cache revalidated)
83 http fetch GET 200 https://registry.npmjs.org/ffjavascript 620ms (cache revalidated)
84 http fetch GET 200 https://registry.npmjs.org/eth-lib 247ms (cache revalidated)
85 http fetch GET 200 https://registry.npmjs.org/hardhat-gas-reporter 239ms (cache revalidated)
86 http fetch GET 200 https://registry.npmjs.org/@truffle%2fprovider 750ms (cache revalidated)
87 http fetch GET 200 https://registry.npmjs.org/circom_runtime 236ms (cache revalidated)
88 http fetch GET 200 https://registry.npmjs.org/circom 234ms (cache revalidated)
89 http fetch GET 200 https://registry.npmjs.org/@truffle%2finterface-adapter 1500ms (cache revalidated)
90 http fetch GET 200 https://registry.npmjs.org/@nomicfoundation%2fhardhat-toolbox 769ms (cache revalidated)
91 silly ADD
92 silly ADD
93 silly ADD
94 silly ADD
95 silly ADD
96 silly ADD
97 silly ADD
98 silly ADD
99 silly ADD
100 silly ADD
101 verbose exit 0
102 info ok
